Arguments: 
  C:\Program Files\nodejs\node.exe C:\Program Files (x86)\Yarn\bin\yarn.js install

PATH: 
  C:\cygwin64\usr\local\bin;C:\cygwin64\bin;C:\Program Files\ImageMagick-7.0.7-Q16;C:\Python27;C:\Python27\Scripts;C:\Windows\system32;C:\Windows;C:\Windows\System32\Wbem;C:\Windows\System32\WindowsPowerShell\v1.0;C:\Program Files (x86)\NVIDIA Corporation\PhysX\Common;C:\WINDOWS\system32;C:\WINDOWS;C:\WINDOWS\System32\Wbem;C:\WINDOWS\System32\WindowsPowerShell\v1.0;C:\Program Files (x86)\Yarn\bin;C:\Program Files\nodejs;C:\Program Files\Microsoft SQL Server\110\Tools\Binn;C:\Program Files (x86)\Microsoft SDKs\TypeScript\1.0;C:\Program Files\Microsoft SQL Server\120\Tools\Binn;C:\Program Files\Microsoft SQL Server\130\Tools\Binn;C:\Program Files\PuTTY;C:\ProgramData\chocolatey\bin;C:\Program Files\Git\cmd;C:\Program Files\dotnet;C:\Users\kevin\AppData\Local\Microsoft\WindowsApps;C:\Program Files (x86)\Microsoft VS Code\bin;C:\Users\kevin\AppData\Local\Yarn\bin;C:\Users\kevin\AppData\Roaming\npm;C:\tools\mingw64\bin;C:\Program Files\chromedriver_win32

Yarn version: 
  1.0.1

Node version: 
  8.4.0

Platform: 
  win32 x64

npm manifest: 
  {
    "name": "redux-simple-starter",
    "version": "1.0.0",
    "description": "Simple starter package for Redux with React and Babel support",
    "main": "index.js",
    "repository": "git@github.com:StephenGrider/ReduxSimpleStarter.git",
    "scripts": {
      "start": "node ./node_modules/webpack-dev-server/bin/webpack-dev-server.js",
      "test:watch": "npm run test -- --watch",
      "test": "jest jasmine-node spec",
    },
    "author": "",
    "jest": {
      "setupTestFrameworkScriptFile": "./test-setup.js"
    },
    "license": "ISC",
    "devDependencies": {
      "babel-core": "^6.2.1",
      "babel-jest": "^21.2.0",
      "babel-loader": "^6.2.0",
      "babel-preset-es2015": "^6.24.1",
      "babel-preset-react": "^6.24.1",
      "chai": "^3.5.0",
      "chai-jquery": "^2.0.0",
      "enzyme": "^3.1.0",
      "enzyme-adapter-react-14": "^1.0.2",
      "jasmine": "^2.8.0",
      "jasmine-node": "^1.14.5",
      "jest": "^21.2.1",
      "jquery": "^2.2.1",
      "jsdom": "^8.1.0",
      "mocha": "^2.5.3",
      "react": "^0.14.9",
      "react-addons-test-utils": "^0.14.8",
      "react-test-renderer": "^16.0.0",
      "react-test-utils": "0.0.1",
      "redux-mock-store": "^1.3.0",
      "selenium-standalone": "^6.11.0",
      "wdio-jasmine-framework": "^0.3.2",
      "wdio-spec-reporter": "^0.1.2",
      "webdriverio": "^4.8.0",
      "webpack": "^1.12.9",
      "webpack-dev-server": "^1.14.0"
    },
    "dependencies": {
      "babel-plugin-transform-es2015-modules-commonjs": "^6.26.0",
      "babel-core": "^6.26.0",
      "babel-loader": "^6.4.1",
      "babel-preset-airbnb": "^2.4.0",
      "babel-preset-es2015": "^6.24.1",
      "babel-preset-react": "^6.24.1",
      "babel-preset-stage-0": "^6.24.1",
      "babel-preset-stage-1": "^6.1.18",
      "chai-as-promised": "^7.1.1",
      "coffee-script": "^1.12.7",
      "enzyme-adapter-react-16": "^1.0.2",
      "firebase": "^4.5.1",
      "jquery": "^2.2.4",
      "lodash": "^3.10.1",
      "react-addons-test-utils": "^0.14.8",
      "react-dom": "^0.14.3",
      "react-redux": "4.3.0",
      "react-router": "^2.0.1",
      "react-router-dom": "^4.2.2",
      "redux": "^3.0.4",
      "redux-thunk": "^2.2.0",
      "request": "^2.83.0",
      "selenium-webdriver": "^3.6.0",
      "sinon": "^4.0.2"
    }
  }

yarn manifest: 
  No manifest

Lockfile: 
  No lockfile

Trace: 
  SyntaxError: C:\Users\kevin\OneDrive\Documents\Code\misc\KevinRohan\package.json: Unexpected token } in JSON at position 414
      at JSON.parse (<anonymous>)
      at C:\Program Files (x86)\Yarn\lib\cli.js:797:57
      at Generator.next (<anonymous>)
      at step (C:\Program Files (x86)\Yarn\lib\cli.js:92:30)
      at C:\Program Files (x86)\Yarn\lib\cli.js:103:13
      at <anonymous>
